[main 5934377] Commit
 21 files changed, 6099 insertions(+)
 create mode 100644 src/Command.cc
 create mode 100644 src/Command.hh
 create mode 100644 src/ForCommand.cc
 create mode 100644 src/ForCommand.hh
 create mode 100644 src/IfCommand.cc
 create mode 100644 src/IfCommand.hh
 create mode 100644 src/ListCommands.cc
 create mode 100644 src/ListCommands.hh
 create mode 100644 src/Makefile
 create mode 100644 src/PipeCommand.cc
 create mode 100644 src/PipeCommand.hh
 create mode 100644 src/Shell.cc
 create mode 100644 src/Shell.hh
 create mode 100644 src/SimpleCommand.cc
 create mode 100644 src/SimpleCommand.hh
 create mode 100644 src/lex.yy.cc
 create mode 100644 src/shell.l
 create mode 100644 src/shell.y
 create mode 100644 src/testall.out
 create mode 100644 src/y.tab.cc
 create mode 100644 src/y.tab.hh
On branch main
Your branch is ahead of 'origin/main' by 1 commit.
  (use "git push" to publish your local commits)

Untracked files:
  (use "git add <file>..." to include in what will be committed)
	.local.git.out
	read-line.c
	tty-raw-mode.c

nothing added to commit but untracked files present (use "git add" to track)
